  [1m[36m (0.1ms)[0m  [1mSELECT "schema_migrations"."version" FROM "schema_migrations" [0m
Migrating to CreateMovies (20111119180638)
  [1m[35m (0.3ms)[0m  select sqlite_version(*)
  [1m[36m (0.1ms)[0m  [1mSELECT "schema_migrations"."version" FROM "schema_migrations" [0m
  [1m[35m (0.0ms)[0m  PRAGMA index_list("movies")
  [1m[36m (0.1ms)[0m  [1mSELECT "schema_migrations"."version" FROM "schema_migrations" [0m
  [1m[35m (0.2ms)[0m  select sqlite_version(*)
  [1m[36m (34.0ms)[0m  [1mCREATE TABLE "movies" ("id" INTEGER PRIMARY KEY AUTOINCREMENT NOT NULL, "title" varchar(255), "rating" varchar(255), "description" text, "release_date" datetime, "created_at" datetime, "updated_at" datetime) [0m
  [1m[35m (23.5ms)[0m  CREATE TABLE "schema_migrations" ("version" varchar(255) NOT NULL) 
  [1m[36m (0.0ms)[0m  [1mPRAGMA index_list("schema_migrations")[0m
  [1m[35m (27.6ms)[0m  CREATE UNIQUE INDEX "unique_schema_migrations" ON "schema_migrations" ("version")
  [1m[36m (0.1ms)[0m  [1mSELECT version FROM "schema_migrations"[0m
  [1m[35m (15.5ms)[0m  INSERT INTO "schema_migrations" (version) VALUES ('20120130161449')
  [1m[36m (15.9ms)[0m  [1mINSERT INTO "schema_migrations" (version) VALUES ('20111119180638')[0m
  [1m[36m (0.1ms)[0m  [1mSELECT "schema_migrations"."version" FROM "schema_migrations" [0m
  [1m[35m (0.2ms)[0m  select sqlite_version(*)
  [1m[36m (38.6ms)[0m  [1mCREATE TABLE "movies" ("id" INTEGER PRIMARY KEY AUTOINCREMENT NOT NULL, "title" varchar(255), "rating" varchar(255), "description" text, "release_date" datetime, "created_at" datetime, "updated_at" datetime) [0m
  [1m[35m (15.1ms)[0m  CREATE TABLE "schema_migrations" ("version" varchar(255) NOT NULL) 
  [1m[36m (0.0ms)[0m  [1mPRAGMA index_list("schema_migrations")[0m
  [1m[35m (25.9ms)[0m  CREATE UNIQUE INDEX "unique_schema_migrations" ON "schema_migrations" ("version")
  [1m[36m (0.1ms)[0m  [1mSELECT version FROM "schema_migrations"[0m
  [1m[35m (18.4ms)[0m  INSERT INTO "schema_migrations" (version) VALUES ('20120130161449')
  [1m[36m (18.4ms)[0m  [1mINSERT INTO "schema_migrations" (version) VALUES ('20111119180638')[0m
  [1m[36m (0.2ms)[0m  [1mSELECT "schema_migrations"."version" FROM "schema_migrations" [0m
Migrating to CreateMovies (20111119180638)
Migrating to AddDirectorToMovies (20130816041835)
  [1m[35m (0.1ms)[0m  select sqlite_version(*)
  [1m[36m (0.6ms)[0m  [1mALTER TABLE "movies" ADD "director" varchar(255)[0m
  [1m[35m (0.1ms)[0m  INSERT INTO "schema_migrations" ("version") VALUES ('20130816041835')
  [1m[36m (0.3ms)[0m  [1mselect sqlite_version(*)[0m
  [1m[35m (0.1ms)[0m  SELECT "schema_migrations"."version" FROM "schema_migrations" 
  [1m[36m (0.0ms)[0m  [1mPRAGMA index_list("movies")[0m
  [1m[36m (0.1ms)[0m  [1mSELECT "schema_migrations"."version" FROM "schema_migrations" [0m
  [1m[35m (0.2ms)[0m  select sqlite_version(*)
  [1m[36m (43.2ms)[0m  [1mCREATE TABLE "movies" ("id" INTEGER PRIMARY KEY AUTOINCREMENT NOT NULL, "title" varchar(255), "rating" varchar(255), "description" text, "release_date" datetime, "created_at" datetime, "updated_at" datetime, "director" varchar(255)) [0m
  [1m[35m (19.7ms)[0m  CREATE TABLE "schema_migrations" ("version" varchar(255) NOT NULL) 
  [1m[36m (0.0ms)[0m  [1mPRAGMA index_list("schema_migrations")[0m
  [1m[35m (27.5ms)[0m  CREATE UNIQUE INDEX "unique_schema_migrations" ON "schema_migrations" ("version")
  [1m[36m (0.1ms)[0m  [1mSELECT version FROM "schema_migrations"[0m
  [1m[35m (13.8ms)[0m  INSERT INTO "schema_migrations" (version) VALUES ('20130816041835')
  [1m[36m (17.4ms)[0m  [1mINSERT INTO "schema_migrations" (version) VALUES ('20111119180638')[0m
  [1m[36m (0.1ms)[0m  [1mSELECT "schema_migrations"."version" FROM "schema_migrations" [0m
  [1m[35m (0.2ms)[0m  select sqlite_version(*)
  [1m[36m (36.2ms)[0m  [1mCREATE TABLE "movies" ("id" INTEGER PRIMARY KEY AUTOINCREMENT NOT NULL, "title" varchar(255), "rating" varchar(255), "description" text, "release_date" datetime, "created_at" datetime, "updated_at" datetime, "director" varchar(255)) [0m
  [1m[35m (42.0ms)[0m  CREATE TABLE "schema_migrations" ("version" varchar(255) NOT NULL) 
  [1m[36m (0.1ms)[0m  [1mPRAGMA index_list("schema_migrations")[0m
  [1m[35m (26.6ms)[0m  CREATE UNIQUE INDEX "unique_schema_migrations" ON "schema_migrations" ("version")
  [1m[36m (0.1ms)[0m  [1mSELECT version FROM "schema_migrations"[0m
  [1m[35m (16.9ms)[0m  INSERT INTO "schema_migrations" (version) VALUES ('20130816041835')
  [1m[36m (24.4ms)[0m  [1mINSERT INTO "schema_migrations" (version) VALUES ('20111119180638')[0m
  [1m[36m (0.1ms)[0m  [1mSELECT "schema_migrations"."version" FROM "schema_migrations" [0m
  [1m[35m (0.2ms)[0m  select sqlite_version(*)
  [1m[36m (40.4ms)[0m  [1mCREATE TABLE "movies" ("id" INTEGER PRIMARY KEY AUTOINCREMENT NOT NULL, "title" varchar(255), "rating" varchar(255), "description" text, "release_date" datetime, "created_at" datetime, "updated_at" datetime, "director" varchar(255)) [0m
  [1m[35m (21.5ms)[0m  CREATE TABLE "schema_migrations" ("version" varchar(255) NOT NULL) 
  [1m[36m (0.1ms)[0m  [1mPRAGMA index_list("schema_migrations")[0m
  [1m[35m (29.8ms)[0m  CREATE UNIQUE INDEX "unique_schema_migrations" ON "schema_migrations" ("version")
  [1m[36m (0.1ms)[0m  [1mSELECT version FROM "schema_migrations"[0m
  [1m[35m (11.3ms)[0m  INSERT INTO "schema_migrations" (version) VALUES ('20130816041835')
  [1m[36m (12.8ms)[0m  [1mINSERT INTO "schema_migrations" (version) VALUES ('20111119180638')[0m
  [1m[36m (0.1ms)[0m  [1mSELECT "schema_migrations"."version" FROM "schema_migrations" [0m
  [1m[35m (0.3ms)[0m  select sqlite_version(*)
  [1m[36m (45.9ms)[0m  [1mCREATE TABLE "movies" ("id" INTEGER PRIMARY KEY AUTOINCREMENT NOT NULL, "title" varchar(255), "rating" varchar(255), "description" text, "release_date" datetime, "created_at" datetime, "updated_at" datetime, "director" varchar(255)) [0m
  [1m[35m (18.6ms)[0m  CREATE TABLE "schema_migrations" ("version" varchar(255) NOT NULL) 
  [1m[36m (0.0ms)[0m  [1mPRAGMA index_list("schema_migrations")[0m
  [1m[35m (20.9ms)[0m  CREATE UNIQUE INDEX "unique_schema_migrations" ON "schema_migrations" ("version")
  [1m[36m (0.1ms)[0m  [1mSELECT version FROM "schema_migrations"[0m
  [1m[35m (22.4ms)[0m  INSERT INTO "schema_migrations" (version) VALUES ('20130816041835')
  [1m[36m (19.8ms)[0m  [1mINSERT INTO "schema_migrations" (version) VALUES ('20111119180638')[0m


Started GET "/" for 127.0.0.1 at 2013-08-19 04:35:40 +0000

ActionController::RoutingError (No route matches [GET] "/"):
  

Rendered /usr/local/lib/ruby/gems/1.9.1/gems/actionpack-3.1.0/lib/action_dispatch/middleware/templates/rescues/routing_error.erb within rescues/layout (0.7ms)


Started GET "/movies" for 127.0.0.1 at 2013-08-19 04:35:46 +0000
  Processing by MoviesController#index as HTML
  [1m[36mMovie Load (0.4ms)[0m  [1mSELECT "movies".* FROM "movies" WHERE "movies"."rating" IN ('G', 'PG', 'PG-13', 'NC-17', 'R')[0m
Rendered movies/index.html.haml within layouts/application (29.3ms)
Compiled application.css  (0ms)  (pid 32145)
Compiled application.js  (2ms)  (pid 32145)
Compiled jquery.js  (18ms)  (pid 32145)
Compiled jquery_ujs.js  (1ms)  (pid 32145)
Completed 200 OK in 118ms (Views: 106.0ms | ActiveRecord: 0.6ms)


Started GET "/assets/application.js?body=1" for 127.0.0.1 at 2013-08-19 04:35:47 +0000
Served asset /application.js - 200 OK (4ms)


Started GET "/assets/application.css?body=1" for 127.0.0.1 at 2013-08-19 04:35:48 +0000
Served asset /application.css - 200 OK (3ms)


Started GET "/assets/jquery.js?body=1" for 127.0.0.1 at 2013-08-19 04:35:48 +0000
Served asset /jquery.js - 200 OK (6ms)


Started GET "/assets/jquery_ujs.js?body=1" for 127.0.0.1 at 2013-08-19 04:35:48 +0000
Served asset /jquery_ujs.js - 200 OK (6ms)


Started GET "/movies/1" for 127.0.0.1 at 2013-08-19 04:35:54 +0000
  Processing by MoviesController#show as HTML
  Parameters: {"id"=>"1"}
  [1m[35mMovie Load (0.2ms)[0m  SELECT "movies".* FROM "movies" WHERE "movies"."id" = ? LIMIT 1  [["id", "1"]]
Rendered movies/show.html.haml within layouts/application (31.0ms)
Completed 500 Internal Server Error in 38ms

ActionView::Template::Error (undefined method `similar_movie_url' for #<#<Class:0xbc9fe7c>:0xbc9deb0>):
    16: 
    17: = link_to 'Edit', edit_movie_path(@movie)
    18: = button_to 'Delete', movie_path(@movie), :method => :delete, :confirm => 'Are you sure?'
    19: = link_to 'Find Movies With Same Director', similar_movie_url(@movie.id)
    20: = link_to 'Back to movie list', movies_path
  app/views/movies/show.html.haml:19:in `_app_views_movies_show_html_haml___904851000_98888260'

Rendered /usr/local/lib/ruby/gems/1.9.1/gems/actionpack-3.1.0/lib/action_dispatch/middleware/templates/rescues/_trace.erb (1.5ms)
Rendered /usr/local/lib/ruby/gems/1.9.1/gems/actionpack-3.1.0/lib/action_dispatch/middleware/templates/rescues/_request_and_response.erb (1.1ms)
Rendered /usr/local/lib/ruby/gems/1.9.1/gems/actionpack-3.1.0/lib/action_dispatch/middleware/templates/rescues/template_error.erb within rescues/layout (5.0ms)


Started GET "/movies/1" for 127.0.0.1 at 2013-08-19 04:37:06 +0000
  Processing by MoviesController#show as HTML
  Parameters: {"id"=>"1"}
  [1m[36mMovie Load (0.2ms)[0m  [1mSELECT "movies".* FROM "movies" WHERE "movies"."id" = ? LIMIT 1[0m  [["id", "1"]]
Rendered movies/show.html.haml within layouts/application (37.2ms)
Completed 500 Internal Server Error in 143ms

ActionView::Template::Error (undefined method `similar_movies_url' for #<#<Class:0xb157d80>:0xb0cc410>):
    16: 
    17: = link_to 'Edit', edit_movie_path(@movie)
    18: = button_to 'Delete', movie_path(@movie), :method => :delete, :confirm => 'Are you sure?'
    19: = link_to 'Find Movies With Same Director', similar_movies_url(@movie.id)
    20: = link_to 'Back to movie list', movies_path
  app/views/movies/show.html.haml:19:in `_app_views_movies_show_html_haml___719964929_93525510'

Rendered /usr/local/lib/ruby/gems/1.9.1/gems/actionpack-3.1.0/lib/action_dispatch/middleware/templates/rescues/_trace.erb (1.3ms)
Rendered /usr/local/lib/ruby/gems/1.9.1/gems/actionpack-3.1.0/lib/action_dispatch/middleware/templates/rescues/_request_and_response.erb (1.1ms)
Rendered /usr/local/lib/ruby/gems/1.9.1/gems/actionpack-3.1.0/lib/action_dispatch/middleware/templates/rescues/template_error.erb within rescues/layout (4.9ms)


Started GET "/movies/1" for 127.0.0.1 at 2013-08-19 04:51:06 +0000
  Processing by MoviesController#show as HTML
  Parameters: {"id"=>"1"}
  [1m[36mMovie Load (0.2ms)[0m  [1mSELECT "movies".* FROM "movies" WHERE "movies"."id" = ? LIMIT 1[0m  [["id", "1"]]
Rendered movies/show.html.haml within layouts/application (17.6ms)
Completed 200 OK in 126ms (Views: 123.1ms | ActiveRecord: 0.5ms)


Started GET "/assets/application.css?body=1" for 127.0.0.1 at 2013-08-19 04:51:08 +0000
Served asset /application.css - 304 Not Modified (0ms)


Started GET "/assets/jquery_ujs.js?body=1" for 127.0.0.1 at 2013-08-19 04:51:08 +0000
Served asset /jquery_ujs.js - 304 Not Modified (2ms)


Started GET "/assets/jquery.js?body=1" for 127.0.0.1 at 2013-08-19 04:51:08 +0000
Served asset /jquery.js - 304 Not Modified (1ms)


Started GET "/assets/application.js?body=1" for 127.0.0.1 at 2013-08-19 04:51:09 +0000
Served asset /application.js - 304 Not Modified (0ms)


Started GET "/movies/1/similar" for 127.0.0.1 at 2013-08-19 04:51:16 +0000

AbstractController::ActionNotFound (The action 'similar' could not be found for MoviesController):
  

Rendered /usr/local/lib/ruby/gems/1.9.1/gems/actionpack-3.1.0/lib/action_dispatch/middleware/templates/rescues/unknown_action.erb within rescues/layout (0.5ms)


Started GET "/" for 127.0.0.1 at 2013-08-19 13:08:36 +0000

ActionController::RoutingError (No route matches [GET] "/"):
  

Rendered /usr/local/lib/ruby/gems/1.9.1/gems/actionpack-3.1.0/lib/action_dispatch/middleware/templates/rescues/routing_error.erb within rescues/layout (0.7ms)


Started GET "/movies" for 127.0.0.1 at 2013-08-19 13:09:00 +0000
  Processing by MoviesController#index as HTML
  [1m[36mMovie Load (108.6ms)[0m  [1mSELECT "movies".* FROM "movies" WHERE "movies"."rating" IN ('G', 'PG', 'PG-13', 'NC-17', 'R')[0m
Rendered movies/index.html.haml within layouts/application (355.1ms)
Completed 200 OK in 491ms (Views: 370.1ms | ActiveRecord: 108.8ms)


Started GET "/assets/jquery_ujs.js?body=1" for 127.0.0.1 at 2013-08-19 13:09:03 +0000
Served asset /jquery_ujs.js - 304 Not Modified (1ms)


Started GET "/assets/jquery.js?body=1" for 127.0.0.1 at 2013-08-19 13:09:03 +0000
Served asset /jquery.js - 304 Not Modified (110ms)


Started GET "/assets/application.css?body=1" for 127.0.0.1 at 2013-08-19 13:09:03 +0000
Served asset /application.css - 304 Not Modified (0ms)


Started GET "/assets/application.js?body=1" for 127.0.0.1 at 2013-08-19 13:09:04 +0000
Served asset /application.js - 304 Not Modified (0ms)


Started GET "/movies/15" for 127.0.0.1 at 2013-08-19 13:09:15 +0000
  Processing by MoviesController#show as HTML
  Parameters: {"id"=>"15"}
  [1m[35mMovie Load (0.2ms)[0m  SELECT "movies".* FROM "movies" WHERE "movies"."id" = ? LIMIT 1  [["id", "15"]]
Rendered movies/show.html.haml within layouts/application (120.5ms)
Completed 200 OK in 237ms (Views: 126.0ms | ActiveRecord: 0.6ms)


Started GET "/assets/application.css?body=1" for 127.0.0.1 at 2013-08-19 13:09:16 +0000
Served asset /application.css - 304 Not Modified (0ms)


Started GET "/assets/application.js?body=1" for 127.0.0.1 at 2013-08-19 13:09:17 +0000
Served asset /application.js - 304 Not Modified (0ms)


Started GET "/assets/jquery_ujs.js?body=1" for 127.0.0.1 at 2013-08-19 13:09:17 +0000
Served asset /jquery_ujs.js - 304 Not Modified (0ms)


Started GET "/assets/jquery.js?body=1" for 127.0.0.1 at 2013-08-19 13:09:17 +0000
Served asset /jquery.js - 304 Not Modified (0ms)


Started GET "/movies/15/similar" for 127.0.0.1 at 2013-08-19 13:09:20 +0000
  Processing by MoviesController#similar as HTML
  Parameters: {"id"=>"15"}
  [1m[36mMovie Load (0.2ms)[0m  [1mSELECT "movies".* FROM "movies" WHERE "movies"."id" = 15 LIMIT 1[0m
Redirected to http://localhost:3001/movies
Completed 302 Found in 590ms


Started GET "/movies" for 127.0.0.1 at 2013-08-19 13:09:22 +0000
  Processing by MoviesController#index as HTML
  [1m[35mMovie Load (0.4ms)[0m  SELECT "movies".* FROM "movies" WHERE "movies"."rating" IN ('G', 'PG', 'PG-13', 'NC-17', 'R')
Rendered movies/index.html.haml within layouts/application (236.8ms)
Completed 200 OK in 246ms (Views: 243.0ms | ActiveRecord: 0.8ms)


Started GET "/assets/jquery_ujs.js?body=1" for 127.0.0.1 at 2013-08-19 13:09:23 +0000
Served asset /jquery_ujs.js - 304 Not Modified (0ms)


Started GET "/assets/jquery.js?body=1" for 127.0.0.1 at 2013-08-19 13:09:23 +0000
Served asset /jquery.js - 304 Not Modified (0ms)


Started GET "/assets/application.js?body=1" for 127.0.0.1 at 2013-08-19 13:09:23 +0000
Served asset /application.js - 304 Not Modified (0ms)


Started GET "/assets/application.css?body=1" for 127.0.0.1 at 2013-08-19 13:09:23 +0000
Served asset /application.css - 304 Not Modified (0ms)


Started GET "/movies" for 127.0.0.1 at 2013-08-19 14:16:29 +0000
  Processing by MoviesController#index as HTML
  [1m[36mMovie Load (0.5ms)[0m  [1mSELECT "movies".* FROM "movies" WHERE "movies"."rating" IN ('G', 'PG', 'PG-13', 'NC-17', 'R')[0m
Rendered movies/index.html.haml within layouts/application (32.1ms)
Completed 200 OK in 163ms (Views: 149.8ms | ActiveRecord: 0.8ms)


Started GET "/assets/application.css?body=1" for 127.0.0.1 at 2013-08-19 14:16:32 +0000
Served asset /application.css - 304 Not Modified (0ms)


Started GET "/assets/jquery.js?body=1" for 127.0.0.1 at 2013-08-19 14:16:32 +0000
Served asset /jquery.js - 304 Not Modified (2ms)


Started GET "/assets/jquery_ujs.js?body=1" for 127.0.0.1 at 2013-08-19 14:16:32 +0000
Served asset /jquery_ujs.js - 304 Not Modified (1ms)


Started GET "/assets/application.js?body=1" for 127.0.0.1 at 2013-08-19 14:16:33 +0000
Served asset /application.js - 304 Not Modified (0ms)


Started GET "/movies/1" for 127.0.0.1 at 2013-08-19 14:16:42 +0000
  Processing by MoviesController#show as HTML
  Parameters: {"id"=>"1"}
  [1m[35mMovie Load (0.2ms)[0m  SELECT "movies".* FROM "movies" WHERE "movies"."id" = ? LIMIT 1  [["id", "1"]]
Rendered movies/show.html.haml within layouts/application (12.4ms)
Completed 200 OK in 21ms (Views: 17.8ms | ActiveRecord: 0.7ms)


Started GET "/assets/application.css?body=1" for 127.0.0.1 at 2013-08-19 14:16:43 +0000
Served asset /application.css - 304 Not Modified (0ms)


Started GET "/assets/application.js?body=1" for 127.0.0.1 at 2013-08-19 14:16:43 +0000
Served asset /application.js - 304 Not Modified (0ms)


Started GET "/assets/jquery.js?body=1" for 127.0.0.1 at 2013-08-19 14:16:43 +0000
Served asset /jquery.js - 304 Not Modified (0ms)


Started GET "/assets/jquery_ujs.js?body=1" for 127.0.0.1 at 2013-08-19 14:16:43 +0000
Served asset /jquery_ujs.js - 304 Not Modified (0ms)


Started GET "/movies/new" for 127.0.0.1 at 2013-08-19 14:31:48 +0000
  Processing by MoviesController#new as HTML
Rendered movies/new.html.haml within layouts/application (12.5ms)
Completed 200 OK in 132ms (Views: 131.5ms | ActiveRecord: 0.0ms)


Started GET "/assets/application.css?body=1" for 127.0.0.1 at 2013-08-19 14:31:51 +0000
Served asset /application.css - 304 Not Modified (0ms)


Started GET "/assets/jquery.js?body=1" for 127.0.0.1 at 2013-08-19 14:31:51 +0000
Served asset /jquery.js - 304 Not Modified (2ms)


Started GET "/assets/jquery_ujs.js?body=1" for 127.0.0.1 at 2013-08-19 14:31:52 +0000
Served asset /jquery_ujs.js - 304 Not Modified (2ms)


Started GET "/assets/application.js?body=1" for 127.0.0.1 at 2013-08-19 14:31:52 +0000
Served asset /application.js - 304 Not Modified (0ms)
